c:\users\administrator\desktop\steptomcnp\debug\steptomcnp.pch
c:\users\administrator\desktop\steptomcnp\debug\vc120.pdb
c:\users\administrator\desktop\steptomcnp\debug\vc120.idb
c:\users\administrator\desktop\steptomcnp\debug\stdafx.obj
c:\users\administrator\desktop\steptomcnp\debug\curve.obj
c:\users\administrator\desktop\steptomcnp\debug\facebounds.obj
c:\users\administrator\desktop\steptomcnp\debug\partition.obj
c:\users\administrator\desktop\steptomcnp\debug\sface.obj
c:\users\administrator\desktop\steptomcnp\debug\geomcalc.obj
c:\users\administrator\desktop\steptomcnp\debug\geomkernel.obj
c:\users\administrator\desktop\steptomcnp\debug\infomatrix.obj
c:\users\administrator\desktop\steptomcnp\debug\interprocess.obj
c:\users\administrator\desktop\steptomcnp\debug\stepentity.obj
c:\users\administrator\desktop\steptomcnp\debug\steptomcnp.obj
c:\users\administrator\desktop\steptomcnp\debug\steptomcnp.exp
c:\users\administrator\desktop\steptomcnp\debug\steptomcnp.pdb
c:\users\administrator\desktop\steptomcnp\debug\steptomcnp.tlog\cl.command.1.tlog
c:\users\administrator\desktop\steptomcnp\debug\steptomcnp.tlog\cl.read.1.tlog
c:\users\administrator\desktop\steptomcnp\debug\steptomcnp.tlog\cl.write.1.tlog
c:\users\administrator\desktop\steptomcnp\debug\steptomcnp.tlog\link-cvtres.read.1.tlog
c:\users\administrator\desktop\steptomcnp\debug\steptomcnp.tlog\link-cvtres.write.1.tlog
c:\users\administrator\desktop\steptomcnp\debug\steptomcnp.tlog\link-rc.read.1.tlog
c:\users\administrator\desktop\steptomcnp\debug\steptomcnp.tlog\link-rc.write.1.tlog
c:\users\administrator\desktop\steptomcnp\debug\steptomcnp.tlog\link.command.1.tlog
c:\users\administrator\desktop\steptomcnp\debug\steptomcnp.tlog\link.read.1.tlog
c:\users\administrator\desktop\steptomcnp\debug\steptomcnp.tlog\link.write.1.tlog
